<?xml version="1.0" encoding="UTF-8"?>
<testng-results ignored="0" total="1" passed="1" failed="0" skipped="0">
  <reporter-output>
    <line>
      <![CDATA[Book page is display]]>
    </line>
  </reporter-output>
  <suite started-at="2024-11-05T10:22:13 IST" name="Default suite" finished-at="2024-11-05T10:22:21 IST" duration-ms="8017">
    <groups>
    </groups>
    <test started-at="2024-11-05T10:22:13 IST" name="Default test" finished-at="2024-11-05T10:22:21 IST" duration-ms="8017">
      <class name="assignmentDemo.Script">
        <test-method is-config="true" signature="dataProvider()[pri:0, instance:assignmentDemo.Script@647e447]" started-at="2024-11-05T10:22:13 IST" name="dataProvider" finished-at="2024-11-05T10:22:13 IST" duration-ms="15" status="PASS">
          <reporter-output>
          </reporter-output>
        </test-method> <!-- dataProvider -->
        <test-method is-config="true" signature="launchBrowser()[pri:0, instance:assignmentDemo.Script@647e447]" started-at="2024-11-05T10:22:13 IST" name="launchBrowser" finished-at="2024-11-05T10:22:19 IST" duration-ms="6211" status="PASS">
          <reporter-output>
          </reporter-output>
        </test-method> <!-- launchBrowser -->
        <test-method signature="book()[pri:0, instance:assignmentDemo.Script@647e447]" started-at="2024-11-05T10:22:20 IST" name="book" finished-at="2024-11-05T10:22:21 IST" duration-ms="1447" status="PASS">
          <reporter-output>
            <line>
              <![CDATA[Book page is display]]>
            </line>
          </reporter-output>
        </test-method> <!-- book -->
        <test-method is-config="true" signature="closeBrowser()[pri:0, instance:assignmentDemo.Script@647e447]" started-at="2024-11-05T10:22:21 IST" name="closeBrowser" finished-at="2024-11-05T10:22:21 IST" duration-ms="260" status="PASS">
          <reporter-output>
          </reporter-output>
        </test-method> <!-- closeBrowser -->
      </class> <!-- assignmentDemo.Script -->
    </test> <!-- Default test -->
  </suite> <!-- Default suite -->
</testng-results>
