<?xml version="1.0" encoding="UTF-8"?>
<testng-results ignored="0" total="1" passed="1" failed="0" skipped="0">
  <reporter-output>
    <line>
      <![CDATA[ForkAndPullRequest]]>
    </line>
  </reporter-output>
  <suite started-at="2024-11-18T12:26:00 IST" name="Default suite" finished-at="2024-11-18T12:26:00 IST" duration-ms="63">
    <groups>
    </groups>
    <test started-at="2024-11-18T12:26:00 IST" name="Default test" finished-at="2024-11-18T12:26:00 IST" duration-ms="63">
      <class name="forkandpullrequest.ForkAndPullRequest">
        <test-method signature="fork()[pri:0, instance:forkandpullrequest.ForkAndPullRequest@1622f1b]" started-at="2024-11-18T12:26:00 IST" name="fork" finished-at="2024-11-18T12:26:00 IST" duration-ms="14" status="PASS">
          <reporter-output>
            <line>
              <![CDATA[ForkAndPullRequest]]>
            </line>
          </reporter-output>
        </test-method> <!-- fork -->
      </class> <!-- forkandpullrequest.ForkAndPullRequest -->
    </test> <!-- Default test -->
  </suite> <!-- Default suite -->
</testng-results>
